# JRE version: OpenJDK Runtime Environment (11.0.12+7) (build 11.0.12+7-b1504.28-7817840)
# Java VM: OpenJDK 64-Bit Server VM (11.0.12+7-b1504.28-7817840, mixed mode, tiered, compressed oops, g1 gc, windows-amd64)
Heap:
 garbage-first heap   total 1038336K, used 108985K [0x0000000080000000, 0x0000000100000000)
  region size 1024K, 2 young (2048K), 2 survivors (2048K)
 Metaspace       used 122818K, capacity 125706K, committed 126976K, reserved 1159168K
  class space    used 15392K, capacity 16487K, committed 16896K, reserved 1048576K
GC Heap History (20 events):
Event: 10695.363 GC heap after
{Heap after GC invocations=131 (full 0):
 garbage-first heap   total 208896K, used 80810K [0x0000000080000000, 0x0000000100000000)
  region size 1024K, 1 young (1024K), 1 survivors (1024K)
 Metaspace       used 122255K, capacity 124992K, committed 126464K, reserved 1159168K
  class space    used 15368K, capacity 16415K, committed 16896K, reserved 1048576K
}
Event: 10695.977 GC heap before
{Heap before GC invocations=131 (full 0):
 garbage-first heap   total 208896K, used 90026K [0x0000000080000000, 0x0000000100000000)
  region size 1024K, 10 young (10240K), 1 survivors (1024K)
 Metaspace       used 122259K, capacity 124992K, committed 126464K, reserved 1159168K
  class space    used 15368K, capacity 16415K, committed 16896K, reserved 1048576K
}
Event: 10695.984 GC heap after
{Heap after GC invocations=132 (full 0):
 garbage-first heap   total 208896K, used 81195K [0x0000000080000000, 0x0000000100000000)
  region size 1024K, 1 young (1024K), 1 survivors (1024K)
 Metaspace       used 122259K, capacity 124992K, committed 126464K, reserved 1159168K
  class space    used 15368K, capacity 16415K, committed 16896K, reserved 1048576K
}
Event: 10696.164 GC heap before
{Heap before GC invocations=133 (full 0):
 garbage-first heap   total 208896K, used 90411K [0x0000000080000000, 0x0000000100000000)
  region size 1024K, 10 young (10240K), 1 survivors (1024K)
 Metaspace       used 122260K, capacity 124992K, committed 126464K, reserved 1159168K
  class space    used 15368K, capacity 16415K, committed 16896K, reserved 1048576K
}
Event: 10696.178 GC heap after
{Heap after GC invocations=134 (full 0):
 garbage-first heap   total 208896K, used 81640K [0x0000000080000000, 0x0000000100000000)
  region size 1024K, 2 young (2048K), 2 survivors (2048K)
 Metaspace       used 122260K, capacity 124992K, committed 126464K, reserved 1159168K
  class space    used 15368K, capacity 16415K, committed 16896K, reserved 1048576K
}
Event: 10700.299 GC heap before
{Heap before GC invocations=134 (full 0):
 garbage-first heap   total 208896K, used 89832K [0x0000000080000000, 0x0000000100000000)
  region size 1024K, 10 young (10240K), 2 survivors (2048K)
 Metaspace       used 122470K, capacity 125220K, committed 126720K, reserved 1159168K
  class space    used 15370K, capacity 16419K, committed 16896K, reserved 1048576K
}
Event: 10700.521 GC heap after
{Heap after GC invocations=135 (full 0):
 garbage-first heap   total 208896K, used 83169K [0x0000000080000000, 0x0000000100000000)
  region size 1024K, 2 young (2048K), 2 survivors (2048K)
 Metaspace       used 122470K, capacity 125220K, committed 126720K, reserved 1159168K
  class space    used 15370K, capacity 16419K, committed 16896K, reserved 1048576K
}
Event: 10704.204 GC heap before
{Heap before GC invocations=135 (full 0):
 garbage-first heap   total 208896K, used 91361K [0x0000000080000000, 0x0000000100000000)
  region size 1024K, 10 young (10240K), 2 survivors (2048K)
 Metaspace       used 122691K, capacity 125525K, committed 126720K, reserved 1159168K
  class space    used 15387K, capacity 16451K, committed 16896K, reserved 1048576K
}
Event: 10704.507 GC heap after
{Heap after GC invocations=136 (full 0):
 garbage-first heap   total 208896K, used 84726K [0x0000000080000000, 0x0000000100000000)
  region size 1024K, 2 young (2048K), 2 survivors (2048K)
 Metaspace       used 122691K, capacity 125525K, committed 126720K, reserved 1159168K
  class space    used 15387K, capacity 16451K, committed 16896K, reserved 1048576K
}
Event: 10712.749 GC heap before
{Heap before GC invocations=137 (full 0):
 garbage-first heap   total 208896K, used 91894K [0x0000000080000000, 0x0000000100000000)
  region size 1024K, 10 young (10240K), 2 survivors (2048K)
 Metaspace       used 122709K, capacity 125527K, committed 126720K, reserved 1159168K
  class space    used 15387K, capacity 16451K, committed 16896K, reserved 1048576K
}
Event: 10712.883 GC heap after
{Heap after GC invocations=138 (full 0):
 garbage-first heap   total 208896K, used 85137K [0x0000000080000000, 0x0000000100000000)
  region size 1024K, 1 young (1024K), 1 survivors (1024K)
 Metaspace       used 122709K, capacity 125527K, committed 126720K, reserved 1159168K
  class space    used 15387K, capacity 16451K, committed 16896K, reserved 1048576K
}
Event: 10713.369 GC heap before
{Heap before GC invocations=138 (full 0):
 garbage-first heap   total 208896K, used 85137K [0x0000000080000000, 0x0000000100000000)
  region size 1024K, 2 young (2048K), 1 survivors (1024K)
 Metaspace       used 122712K, capacity 125527K, committed 126720K, reserved 1159168K
  class space    used 15387K, capacity 16451K, committed 16896K, reserved 1048576K
}
Event: 10713.485 GC heap after
{Heap after GC invocations=139 (full 0):
 garbage-first heap   total 346112K, used 85165K [0x0000000080000000, 0x0000000100000000)
  region size 1024K, 1 young (1024K), 1 survivors (1024K)
 Metaspace       used 122712K, capacity 125527K, committed 126720K, reserved 1159168K
  class space    used 15387K, capacity 16451K, committed 16896K, reserved 1048576K
}
Event: 10715.145 GC heap before
{Heap before GC invocations=140 (full 0):
 garbage-first heap   total 346112K, used 102573K [0x0000000080000000, 0x0000000100000000)
  region size 1024K, 16 young (16384K), 1 survivors (1024K)
 Metaspace       used 122743K, capacity 125539K, committed 126720K, reserved 1159168K
  class space    used 15388K, capacity 16453K, committed 16896K, reserved 1048576K
}
Event: 10729.714 GC heap after
{Heap after GC invocations=141 (full 0):
 garbage-first heap   total 346112K, used 98366K [0x0000000080000000, 0x0000000100000000)
  region size 1024K, 2 young (2048K), 2 survivors (2048K)
 Metaspace       used 122743K, capacity 125539K, committed 126720K, reserved 1159168K
  class space    used 15388K, capacity 16453K, committed 16896K, reserved 1048576K
}
Event: 10730.408 GC heap before
{Heap before GC invocations=141 (full 0):
 garbage-first heap   total 346112K, used 112702K [0x0000000080000000, 0x0000000100000000)
  region size 1024K, 16 young (16384K), 2 survivors (2048K)
 Metaspace       used 122770K, capacity 125670K, committed 126976K, reserved 1159168K
  class space    used 15390K, capacity 16454K, committed 16896K, reserved 1048576K
}
Event: 10730.721 GC heap after
{Heap after GC invocations=142 (full 0):
 garbage-first heap   total 346112K, used 101018K [0x0000000080000000, 0x0000000100000000)
  region size 1024K, 2 young (2048K), 2 survivors (2048K)
 Metaspace       used 122770K, capacity 125670K, committed 126976K, reserved 1159168K
  class space    used 15390K, capacity 16454K, committed 16896K, reserved 1048576K
}
Event: 10731.954 GC heap before
{Heap before GC invocations=143 (full 0):
 garbage-first heap   total 346112K, used 115354K [0x0000000080000000, 0x0000000100000000)
  region size 1024K, 16 young (16384K), 2 survivors (2048K)
 Metaspace       used 122810K, capacity 125706K, committed 126976K, reserved 1159168K
  class space    used 15392K, capacity 16487K, committed 16896K, reserved 1048576K
}
Event: 10732.248 GC heap after
{Heap after GC invocations=144 (full 0):
 garbage-first heap   total 346112K, used 102188K [0x0000000080000000, 0x0000000100000000)
  region size 1024K, 2 young (2048K), 2 survivors (2048K)
 Metaspace       used 122810K, capacity 125706K, committed 126976K, reserved 1159168K
  class space    used 15392K, capacity 16487K, committed 16896K, reserved 1048576K
}
Event: 10732.655 GC heap before
{Heap before GC invocations=144 (full 0):
 garbage-first heap   total 346112K, used 108332K [0x0000000080000000, 0x0000000100000000)
  region size 1024K, 10 young (10240K), 2 survivors (2048K)
 Metaspace       used 122818K, capacity 125706K, committed 126976K, reserved 1159168K
  class space    used 15392K, capacity 16487K, committed 16896K, reserved 1048576K
}

